c:\users\akbla\source\repos\lswcompressormodel\lswcompressormodel\debug\vc142.pdb
c:\users\akbla\source\repos\lswcompressormodel\lswcompressormodel\debug\vc142.idb
c:\users\akbla\source\repos\lswcompressormodel\lswcompressormodel\debug\splitter.obj
c:\users\akbla\source\repos\lswcompressormodel\lswcompressormodel\debug\invoker.obj
c:\users\akbla\source\repos\lswcompressormodel\lswcompressormodel\debug\lzwencode.obj
c:\users\akbla\source\repos\lswcompressormodel\lswcompressormodel\debug\lzwdecode.obj
c:\users\akbla\source\repos\lswcompressormodel\lswcompressormodel\debug\bitfile.obj
c:\users\akbla\source\repos\lswcompressormodel\lswcompressormodel\debug\softwaredecompressstrategy.obj
c:\users\akbla\source\repos\lswcompressormodel\lswcompressormodel\debug\softwarecompressstrategy.obj
c:\users\akbla\source\repos\lswcompressormodel\lswcompressormodel\debug\lswcompressormodel.obj
c:\users\akbla\source\repos\lswcompressormodel\lswcompressormodel\debug\fileaccess.obj
c:\users\akbla\source\repos\lswcompressormodel\lswcompressormodel\debug\controllerfactory.obj
c:\users\akbla\source\repos\lswcompressormodel\lswcompressormodel\debug\controllerclient.obj
c:\users\akbla\source\repos\lswcompressormodel\lswcompressormodel\debug\controller.obj
c:\users\akbla\source\repos\lswcompressormodel\lswcompressormodel\debug\consoleview.obj
c:\users\akbla\source\repos\lswcompressormodel\lswcompressormodel\debug\fmemopen.obj
c:\users\akbla\source\repos\lswcompressormodel\lswcompressormodel\debug\ifileaccess.obj
c:\users\akbla\source\repos\lswcompressormodel\lswcompressormodel\debug\iaccess.obj
c:\users\akbla\source\repos\lswcompressormodel\lswcompressormodel\debug\bitfileaccess.obj
c:\users\akbla\source\repos\lswcompressormodel\lswcompressormodel\debug\iteratoraccess.obj
c:\users\akbla\source\repos\lswcompressormodel\lswcompressormodel\debug\test.obj
c:\users\akbla\source\repos\lswcompressormodel\lswcompressormodel\debug\listaccess.obj
c:\users\akbla\source\repos\lswcompressormodel\lswcompressormodel\debug\dictnode.obj
c:\users\akbla\source\repos\lswcompressormodel\lswcompressormodel\debug\dictionarytest.obj
c:\users\akbla\source\repos\lswcompressormodel\lswcompressormodel\debug\dictionary.obj
c:\users\akbla\source\repos\lswcompressormodel\lswcompressormodel\debug\bitaccesstest.obj
c:\users\akbla\source\repos\lswcompressormodel\debug\lswcompressormodel.exe
c:\users\akbla\source\repos\lswcompressormodel\debug\lswcompressormodel.ilk
c:\users\akbla\source\repos\lswcompressormodel\debug\lswcompressormodel.pdb
c:\users\akbla\source\repos\lswcompressormodel\lswcompressormodel\debug\bitfile.obj.enc
c:\users\akbla\source\repos\lswcompressormodel\lswcompressormodel\debug\lzwencode.obj.enc
c:\users\akbla\source\repos\lswcompressormodel\lswcompressormodel\debug\softwarecompressstrategy.obj.enc
c:\users\akbla\source\repos\lswcompressormodel\lswcompressormodel\debug\test.obj.enc
c:\users\akbla\source\repos\lswcompressormodel\lswcompressormodel\debug\lswcompr.1724586d.tlog\cl.command.1.tlog
c:\users\akbla\source\repos\lswcompressormodel\lswcompressormodel\debug\lswcompr.1724586d.tlog\cl.read.1.tlog
c:\users\akbla\source\repos\lswcompressormodel\lswcompressormodel\debug\lswcompr.1724586d.tlog\cl.write.1.tlog
c:\users\akbla\source\repos\lswcompressormodel\lswcompressormodel\debug\lswcompr.1724586d.tlog\link.command.1.tlog
c:\users\akbla\source\repos\lswcompressormodel\lswcompressormodel\debug\lswcompr.1724586d.tlog\link.read.1.tlog
c:\users\akbla\source\repos\lswcompressormodel\lswcompressormodel\debug\lswcompr.1724586d.tlog\link.write.1.tlog
